<?xml version="1.0" encoding="UTF-8"?>
<!-- Generated by org.testng.reporters.JUnitReportReporter -->
<testsuite skipped="0" hostname="DESKTOP-ANLVD96" name="com.test.TestngBasic" tests="1" failures="0" timestamp="28 Dec 2018 15:33:09 GMT" time="0.017" errors="0">
  <testcase name="googleTitle" time="0.017" classname="com.test.TestngBasic"/>
</testsuite> <!-- com.test.TestngBasic -->
