<?xml version="1.0" encoding="UTF-8"?>
<!-- Generated by org.testng.reporters.JUnitReportReporter -->
<testsuite skipped="0" hostname="DESKTOP-ANLVD96" name="com.test.TestNgFeatures" tests="5" failures="0" timestamp="28 Dec 2018 15:08:14 GMT" time="30.869" errors="0">
  <testcase name="SerchpageTest" time="6.132" classname="com.test.TestNgFeatures"/>
  <testcase name="SerchpageTest" time="5.870" classname="com.test.TestNgFeatures"/>
  <testcase name="SerchpageTest" time="7.040" classname="com.test.TestNgFeatures"/>
  <testcase name="SerchpageTest" time="6.072" classname="com.test.TestNgFeatures"/>
  <testcase name="SerchpageTest" time="5.755" classname="com.test.TestNgFeatures"/>
</testsuite> <!-- com.test.TestNgFeatures -->
